<?xml version="1.0" encoding="UTF-8"?>
<!-- Generated by org.testng.reporters.JUnitXMLReporter -->
<testsuite hostname="PC201701031452" tests="1" failures="1" timestamp="11 Jan 2017 07:16:59 GMT" time="18.427" errors="0">
  <testcase name="login" time="5.853" classname="LoginTest">
    <failure type="java.lang.AssertionError" message="expected [0] but found [1]">
      <![CDATA[java.lang.AssertionError: expected [0] but found [1]
	at org.webdriver.patatiumwebui.utils.Assertion.VerityError(Assertion.java:1041)
	at LoginTest.login(LoginTest.java:38)
... Removed 29 stack frames]]>
    </failure>
  </testcase> <!-- login -->
</testsuite>
