<!DOCTYPE html PUBLIC "-//W3C//DTD XHTML 1.1//EN" "http://www.w3.org/TR/xhtml11/DTD/xhtml11.dtd">
<html xmlns="http://www.w3.org/1999/xhtml"><head><title>TestNG Report</title><style type="text/css">table {margin-bottom:10px;border-collapse:collapse;empty-cells:show}th,td {border:1px solid #009;padding:.25em .5em}th {vertical-align:bottom}td {vertical-align:top}table a {font-weight:bold}.stripe td {background-color: #E6EBF9}.num {text-align:right}.passedodd td {background-color: #3F3}.passedeven td {background-color: #0A0}.skippedodd td {background-color: #DDD}.skippedeven td {background-color: #CCC}.failedodd td,.attn {background-color: #F33}.failedeven td,.stripe .attn {background-color: #D00}.stacktrace {white-space:pre;font-family:monospace}.totop {font-size:85%;text-align:center;border-bottom:2px solid #000}</style></head><body><table><tr><th>Test</th><th># Passed</th><th># Skipped</th><th># Failed</th><th>Time (ms)</th><th>Included Groups</th><th>Excluded Groups</th></tr><tr><th colspan="7">Suite</th></tr><tr><td><a href="#t0">登录失败测试用例：数据驱动</a></td><td class="num">0</td><td class="num">0</td><td class="num attn">4</td><td class="num">30,896</td><td></td><td></td></tr><tr class="stripe"><td><a href="#t1">登录成功测试用例</a></td><td class="num">0</td><td class="num">0</td><td class="num attn">1</td><td class="num">18,427</td><td></td><td></td></tr><tr><th>Total</th><th class="num">0</th><th class="num">0</th><th class="num attn">5</th><th class="num">49,323</th><th colspan="2"></th></tr></table><table><thead><tr><th>Class</th><th>Method</th><th>Start</th><th>Time (ms)</th></tr></thead><tbody><tr><th colspan="4">Suite</th></tr></tbody><tbody id="t0"><tr><th colspan="4">登录失败测试用例：数据驱动 &#8212; failed</th></tr><tr class="failedeven"><td rowspan="4">LoginTest</td><td><a href="#m0">loginFail</a></td><td rowspan="4">1484118996846</td><td rowspan="4">3406</td></tr><tr class="failedeven"><td><a href="#m1">loginFail</a></td></tr><tr class="failedeven"><td><a href="#m2">loginFail</a></td></tr><tr class="failedeven"><td><a href="#m3">loginFail</a></td></tr></tbody><tbody id="t1"><tr><th colspan="4">登录成功测试用例 &#8212; failed</th></tr><tr class="failedeven"><td rowspan="1">LoginTest</td><td><a href="#m4">login</a></td><td rowspan="1">1484119011330</td><td rowspan="1">5853</td></tr></tbody></table><h2>登录失败测试用例：数据驱动</h2><h3 id="m0">LoginTest#loginFail</h3><table class="result"><tr class="param"><th>Parameter #1</th><th>Parameter #2</th><th>Parameter #3</th></tr><tr class="param stripe"><td>ddd</td><td></td><td>请输入密码</td></tr><tr><th colspan="3">Exception</th></tr><tr><td colspan="3"><div class="stacktrace">java.lang.AssertionError: expected [0] but found [1]
	at org.webdriver.patatiumwebui.utils.Assertion.VerityError(Assertion.java:1041)
	at LoginTest.loginFail(LoginTest.java:59)
... Removed 29 stack frames</div></td></tr></table><p class="totop"><a href="#summary">back to summary</a></p><h3 id="m1">LoginTest#loginFail</h3><table class="result"><tr class="param"><th>Parameter #1</th><th>Parameter #2</th><th>Parameter #3</th></tr><tr class="param stripe"><td></td><td></td><td>请输入账户名和密码</td></tr><tr><th colspan="3">Exception</th></tr><tr><td colspan="3"><div class="stacktrace">java.lang.AssertionError: expected [0] but found [1]
	at org.webdriver.patatiumwebui.utils.Assertion.VerityError(Assertion.java:1041)
	at LoginTest.loginFail(LoginTest.java:59)
... Removed 29 stack frames</div></td></tr></table><p class="totop"><a href="#summary">back to summary</a></p><h3 id="m2">LoginTest#loginFail</h3><table class="result"><tr class="param"><th>Parameter #1</th><th>Parameter #2</th><th>Parameter #3</th></tr><tr class="param stripe"><td>ccc</td><td>ddd</td><td>密码不正确</td></tr><tr><th colspan="3">Exception</th></tr><tr><td colspan="3"><div class="stacktrace">java.lang.AssertionError: expected [0] but found [1]
	at org.webdriver.patatiumwebui.utils.Assertion.VerityError(Assertion.java:1041)
	at LoginTest.loginFail(LoginTest.java:59)
... Removed 29 stack frames</div></td></tr></table><p class="totop"><a href="#summary">back to summary</a></p><h3 id="m3">LoginTest#loginFail</h3><table class="result"><tr class="param"><th>Parameter #1</th><th>Parameter #2</th><th>Parameter #3</th></tr><tr class="param stripe"><td>aaa</td><td>bbb</td><td>账户名与密码不匹配，请重新输入</td></tr><tr><th colspan="3">Exception</th></tr><tr><td colspan="3"><div class="stacktrace">java.lang.AssertionError: expected [0] but found [1]
	at org.webdriver.patatiumwebui.utils.Assertion.VerityError(Assertion.java:1041)
	at LoginTest.loginFail(LoginTest.java:59)
... Removed 29 stack frames</div></td></tr></table><p class="totop"><a href="#summary">back to summary</a></p><h2>登录成功测试用例</h2><h3 id="m4">LoginTest#login</h3><table class="result"><tr class="param"><th>Parameter #1</th></tr><tr class="param stripe"><td>http://192.168.1.75:8080/Web/#/login</td></tr><tr><th>Exception</th></tr><tr><td><div class="stacktrace">java.lang.AssertionError: expected [0] but found [1]
	at org.webdriver.patatiumwebui.utils.Assertion.VerityError(Assertion.java:1041)
	at LoginTest.login(LoginTest.java:38)
... Removed 29 stack frames</div></td></tr></table><p class="totop"><a href="#summary">back to summary</a></p></body></html>